[debug] [2021-03-10T01:41:58.299Z] ----------------------------------------------------------------------
[debug] [2021-03-10T01:41:58.304Z] Command:       C:\Program Files\nodejs\node.exe C:\Users\DEMON\AppData\Roaming\npm\node_modules\firebase-tools\lib\bin\firebase.js init
[debug] [2021-03-10T01:41:58.305Z] CLI Version:   9.5.0
[debug] [2021-03-10T01:41:58.306Z] Platform:      win32
[debug] [2021-03-10T01:41:58.306Z] Node Version:  v14.15.0
[debug] [2021-03-10T01:41:58.348Z] Time:          Tue Mar 09 2021 17:41:58 GMT-0800 (Pacific Standard Time)
[debug] [2021-03-10T01:41:58.348Z] ----------------------------------------------------------------------
[debug] [2021-03-10T01:41:58.349Z] 
[debug] [2021-03-10T01:41:58.377Z] >>> [apiv2][query] GET https://firebase-public.firebaseio.com/cli.json [none]
[debug] [2021-03-10T01:41:58.447Z] > command requires scopes: ["email","openid","https://www.googleapis.com/auth/cloudplatformprojects.readonly","https://www.googleapis.com/auth/firebase","https://www.googleapis.com/auth/cloud-platform"]
[debug] [2021-03-10T01:41:58.447Z] > authorizing via signed-in user
[info] 
     ######## #### ########  ######## ########     ###     ######  ########
     ##        ##  ##     ## ##       ##     ##  ##   ##  ##       ##
     ######    ##  ########  ######   ########  #########  ######  ######
     ##        ##  ##    ##  ##       ##     ## ##     ##       ## ##
     ##       #### ##     ## ######## ########  ##     ##  ######  ########

You're about to initialize a Firebase project in this directory:

  E:\source code\JavaScript\react\react-member-area(new)

[debug] [2021-03-10T01:42:00.321Z] <<< [apiv2][status] GET https://firebase-public.firebaseio.com/cli.json 200
[debug] [2021-03-10T01:42:00.322Z] <<< [apiv2][body] GET https://firebase-public.firebaseio.com/cli.json {"cloudBuildErrorAfter":1594252800000,"cloudBuildWarnAfter":1590019200000,"defaultNode10After":1594252800000,"minVersion":"3.0.5","node8DeploysDisabledAfter":1613390400000,"node8RuntimeDisabledAfter":1615809600000,"node8WarnAfter":1600128000000}
